[debug] [2024-02-01T07:07:26.968Z] ----------------------------------------------------------------------
[debug] [2024-02-01T07:07:26.969Z] Command:       /usr/local/bin/node /usr/local/bin/firebase deploy
[debug] [2024-02-01T07:07:26.969Z] CLI Version:   13.0.3
[debug] [2024-02-01T07:07:26.969Z] Platform:      darwin
[debug] [2024-02-01T07:07:26.969Z] Node Version:  v18.18.0
[debug] [2024-02-01T07:07:26.970Z] Time:          Thu Feb 01 2024 16:07:26 GMT+0900 (GMT+09:00)
[debug] [2024-02-01T07:07:26.970Z] ----------------------------------------------------------------------
[debug] 
[debug] [2024-02-01T07:07:27.003Z] > command requires scopes: ["email","openid","https://www.googleapis.com/auth/cloudplatformprojects.readonly","https://www.googleapis.com/auth/firebase","https://www.googleapis.com/auth/cloud-platform"]
[debug] [2024-02-01T07:07:27.003Z] > authorizing via signed-in user (littleduck1219@gmail.com)
[debug] [2024-02-01T07:07:27.003Z] [iam] checking project littleduck-s-dev-blog for permissions ["cloudfunctions.functions.create","cloudfunctions.functions.delete","cloudfunctions.functions.get","cloudfunctions.functions.list","cloudfunctions.functions.update","cloudfunctions.operations.get","firebase.projects.get","firebasehosting.sites.update"]
[debug] [2024-02-01T07:07:27.004Z] > refreshing access token with scopes: []
[debug] [2024-02-01T07:07:27.004Z] >>> [apiv2][query] POST https://www.googleapis.com/oauth2/v3/token [none]
[debug] [2024-02-01T07:07:27.004Z] >>> [apiv2][body] POST https://www.googleapis.com/oauth2/v3/token [omitted]
[debug] [2024-02-01T07:07:27.204Z] <<< [apiv2][status] POST https://www.googleapis.com/oauth2/v3/token 200
[debug] [2024-02-01T07:07:27.204Z] <<< [apiv2][body] POST https://www.googleapis.com/oauth2/v3/token [omitted]
[debug] [2024-02-01T07:07:27.217Z] >>> [apiv2][query] POST https://cloudresourcemanager.googleapis.com/v1/projects/littleduck-s-dev-blog:testIamPermissions [none]
[debug] [2024-02-01T07:07:27.217Z] >>> [apiv2][(partial)header] POST https://cloudresourcemanager.googleapis.com/v1/projects/littleduck-s-dev-blog:testIamPermissions x-goog-quota-user=projects/littleduck-s-dev-blog
[debug] [2024-02-01T07:07:27.217Z] >>> [apiv2][body] POST https://cloudresourcemanager.googleapis.com/v1/projects/littleduck-s-dev-blog:testIamPermissions {"permissions":["cloudfunctions.functions.create","cloudfunctions.functions.delete","cloudfunctions.functions.get","cloudfunctions.functions.list","cloudfunctions.functions.update","cloudfunctions.operations.get","firebase.projects.get","firebasehosting.sites.update"]}
[debug] [2024-02-01T07:07:27.514Z] <<< [apiv2][status] POST https://cloudresourcemanager.googleapis.com/v1/projects/littleduck-s-dev-blog:testIamPermissions 200
[debug] [2024-02-01T07:07:27.514Z] <<< [apiv2][body] POST https://cloudresourcemanager.googleapis.com/v1/projects/littleduck-s-dev-blog:testIamPermissions {"permissions":["cloudfunctions.functions.create","cloudfunctions.functions.delete","cloudfunctions.functions.get","cloudfunctions.functions.list","cloudfunctions.functions.update","cloudfunctions.operations.get","firebase.projects.get","firebasehosting.sites.update"]}
[debug] [2024-02-01T07:07:27.515Z] >>> [apiv2][query] POST https://iam.googleapis.com/v1/projects/littleduck-s-dev-blog/serviceAccounts/littleduck-s-dev-blog@appspot.gserviceaccount.com:testIamPermissions [none]
[debug] [2024-02-01T07:07:27.515Z] >>> [apiv2][body] POST https://iam.googleapis.com/v1/projects/littleduck-s-dev-blog/serviceAccounts/littleduck-s-dev-blog@appspot.gserviceaccount.com:testIamPermissions {"permissions":["iam.serviceAccounts.actAs"]}
[debug] [2024-02-01T07:07:28.550Z] <<< [apiv2][status] POST https://iam.googleapis.com/v1/projects/littleduck-s-dev-blog/serviceAccounts/littleduck-s-dev-blog@appspot.gserviceaccount.com:testIamPermissions 200
[debug] [2024-02-01T07:07:28.550Z] <<< [apiv2][body] POST https://iam.googleapis.com/v1/projects/littleduck-s-dev-blog/serviceAccounts/littleduck-s-dev-blog@appspot.gserviceaccount.com:testIamPermissions {"permissions":["iam.serviceAccounts.actAs"]}
[debug] [2024-02-01T07:07:28.551Z] >>> [apiv2][query] GET https://firebase.googleapis.com/v1beta1/projects/littleduck-s-dev-blog [none]
[debug] [2024-02-01T07:07:28.941Z] <<< [apiv2][status] GET https://firebase.googleapis.com/v1beta1/projects/littleduck-s-dev-blog 200
[debug] [2024-02-01T07:07:28.941Z] <<< [apiv2][body] GET https://firebase.googleapis.com/v1beta1/projects/littleduck-s-dev-blog {"projectId":"littleduck-s-dev-blog","projectNumber":"825840759545","displayName":"littleduck's Dev Blog","name":"projects/littleduck-s-dev-blog","resources":{"hostingSite":"littleduck-s-dev-blog"},"state":"ACTIVE","etag":"1_6c2921ff-a19b-48cf-84d8-eddc957dba02"}
[info] 
[info] === Deploying to 'littleduck-s-dev-blog'...
[info] 
[info] i  deploying functions, hosting 
[info] Running command: npm --prefix "$RESOURCE_DIR" run lint
[info] Running command: npm --prefix "$RESOURCE_DIR" run build
[info] ✔  functions: Finished running predeploy script. 
[debug] [2024-02-01T07:07:35.791Z] >>> [apiv2][query] GET https://firebase.googleapis.com/v1beta1/projects/littleduck-s-dev-blog [none]
[debug] [2024-02-01T07:07:36.149Z] <<< [apiv2][status] GET https://firebase.googleapis.com/v1beta1/projects/littleduck-s-dev-blog 200
[debug] [2024-02-01T07:07:36.149Z] <<< [apiv2][body] GET https://firebase.googleapis.com/v1beta1/projects/littleduck-s-dev-blog {"projectId":"littleduck-s-dev-blog","projectNumber":"825840759545","displayName":"littleduck's Dev Blog","name":"projects/littleduck-s-dev-blog","resources":{"hostingSite":"littleduck-s-dev-blog"},"state":"ACTIVE","etag":"1_6c2921ff-a19b-48cf-84d8-eddc957dba02"}
[info] i  functions: preparing codebase default for deployment 
[info] i  functions: ensuring required API cloudfunctions.googleapis.com is enabled... 
[info] i  functions: ensuring required API cloudbuild.googleapis.com is enabled... 
[info] i  artifactregistry: ensuring required API artifactregistry.googleapis.com is enabled... 
[debug] [2024-02-01T07:07:36.151Z] >>> [apiv2][query] GET https://serviceusage.googleapis.com/v1/projects/littleduck-s-dev-blog/services/cloudfunctions.googleapis.com [none]
[debug] [2024-02-01T07:07:36.151Z] >>> [apiv2][(partial)header] GET https://serviceusage.googleapis.com/v1/projects/littleduck-s-dev-blog/services/cloudfunctions.googleapis.com x-goog-quota-user=projects/littleduck-s-dev-blog
[debug] [2024-02-01T07:07:36.153Z] >>> [apiv2][query] GET https://serviceusage.googleapis.com/v1/projects/littleduck-s-dev-blog/services/runtimeconfig.googleapis.com [none]
[debug] [2024-02-01T07:07:36.153Z] >>> [apiv2][(partial)header] GET https://serviceusage.googleapis.com/v1/projects/littleduck-s-dev-blog/services/runtimeconfig.googleapis.com x-goog-quota-user=projects/littleduck-s-dev-blog
[debug] [2024-02-01T07:07:36.153Z] >>> [apiv2][query] GET https://serviceusage.googleapis.com/v1/projects/littleduck-s-dev-blog/services/cloudbuild.googleapis.com [none]
[debug] [2024-02-01T07:07:36.153Z] >>> [apiv2][(partial)header] GET https://serviceusage.googleapis.com/v1/projects/littleduck-s-dev-blog/services/cloudbuild.googleapis.com x-goog-quota-user=projects/littleduck-s-dev-blog
[debug] [2024-02-01T07:07:36.154Z] >>> [apiv2][query] GET https://serviceusage.googleapis.com/v1/projects/littleduck-s-dev-blog/services/artifactregistry.googleapis.com [none]
[debug] [2024-02-01T07:07:36.154Z] >>> [apiv2][(partial)header] GET https://serviceusage.googleapis.com/v1/projects/littleduck-s-dev-blog/services/artifactregistry.googleapis.com x-goog-quota-user=projects/littleduck-s-dev-blog
[debug] [2024-02-01T07:07:36.580Z] <<< [apiv2][status] GET https://serviceusage.googleapis.com/v1/projects/littleduck-s-dev-blog/services/artifactregistry.googleapis.com 200
[debug] [2024-02-01T07:07:36.580Z] <<< [apiv2][body] GET https://serviceusage.googleapis.com/v1/projects/littleduck-s-dev-blog/services/artifactregistry.googleapis.com [omitted]
[info] ✔  artifactregistry: required API artifactregistry.googleapis.com is enabled 
[debug] [2024-02-01T07:07:36.582Z] <<< [apiv2][status] GET https://serviceusage.googleapis.com/v1/projects/littleduck-s-dev-blog/services/runtimeconfig.googleapis.com 200
[debug] [2024-02-01T07:07:36.582Z] <<< [apiv2][body] GET https://serviceusage.googleapis.com/v1/projects/littleduck-s-dev-blog/services/runtimeconfig.googleapis.com [omitted]
[debug] [2024-02-01T07:07:37.254Z] <<< [apiv2][status] GET https://serviceusage.googleapis.com/v1/projects/littleduck-s-dev-blog/services/cloudbuild.googleapis.com 200
[debug] [2024-02-01T07:07:37.254Z] <<< [apiv2][body] GET https://serviceusage.googleapis.com/v1/projects/littleduck-s-dev-blog/services/cloudbuild.googleapis.com [omitted]
[info] ✔  functions: required API cloudbuild.googleapis.com is enabled 
[debug] [2024-02-01T07:07:37.272Z] <<< [apiv2][status] GET https://serviceusage.googleapis.com/v1/projects/littleduck-s-dev-blog/services/cloudfunctions.googleapis.com 200
[debug] [2024-02-01T07:07:37.272Z] <<< [apiv2][body] GET https://serviceusage.googleapis.com/v1/projects/littleduck-s-dev-blog/services/cloudfunctions.googleapis.com [omitted]
[info] ✔  functions: required API cloudfunctions.googleapis.com is enabled 
[debug] [2024-02-01T07:07:37.273Z] >>> [apiv2][query] GET https://firebase.googleapis.com/v1beta1/projects/littleduck-s-dev-blog/adminSdkConfig [none]
[debug] [2024-02-01T07:07:37.641Z] <<< [apiv2][status] GET https://firebase.googleapis.com/v1beta1/projects/littleduck-s-dev-blog/adminSdkConfig 200
[debug] [2024-02-01T07:07:37.641Z] <<< [apiv2][body] GET https://firebase.googleapis.com/v1beta1/projects/littleduck-s-dev-blog/adminSdkConfig {"projectId":"littleduck-s-dev-blog","storageBucket":"littleduck-s-dev-blog.appspot.com"}
[debug] [2024-02-01T07:07:37.642Z] >>> [apiv2][query] GET https://runtimeconfig.googleapis.com/v1beta1/projects/littleduck-s-dev-blog/configs [none]
[debug] [2024-02-01T07:07:38.074Z] <<< [apiv2][status] GET https://runtimeconfig.googleapis.com/v1beta1/projects/littleduck-s-dev-blog/configs 200
[debug] [2024-02-01T07:07:38.074Z] <<< [apiv2][body] GET https://runtimeconfig.googleapis.com/v1beta1/projects/littleduck-s-dev-blog/configs {}
[debug] [2024-02-01T07:07:38.075Z] Validating nodejs source
[debug] [2024-02-01T07:07:38.471Z] > [functions] package.json contents: {
  "name": "functions",
  "scripts": {
    "lint": "eslint --ext .js,.ts .",
    "build": "tsc",
    "build:watch": "tsc --watch",
    "serve": "npm run build && firebase emulators:start --only functions",
    "shell": "npm run build && firebase functions:shell",
    "start": "npm run shell",
    "deploy": "firebase deploy --only functions",
    "logs": "firebase functions:log"
  },
  "engines": {
    "node": "18"
  },
  "main": "lib/index.js",
  "dependencies": {
    "firebase-admin": "^11.8.0",
    "firebase-functions": "^4.3.1",
    "next": "14.0.0"
  },
  "devDependencies": {
    "@typescript-eslint/eslint-plugin": "^5.12.0",
    "@typescript-eslint/parser": "^5.12.0",
    "eslint": "^8.9.0",
    "eslint-config-google": "^0.14.0",
    "eslint-plugin-import": "^2.25.4",
    "firebase-functions-test": "^3.1.0",
    "typescript": "^4.9.0"
  },
  "private": true
}
[debug] [2024-02-01T07:07:38.471Z] Building nodejs source
[info] i  functions: Loading and analyzing source code for codebase default to determine what to deploy 
[debug] [2024-02-01T07:07:38.472Z] Could not find functions.yaml. Must use http discovery
[debug] [2024-02-01T07:07:38.476Z] Found firebase-functions binary at '/Users/gyeongdeokpark/Documents/01.GitHub/codeblog/functions/node_modules/.bin/firebase-functions'
[info] Serving at port 8618

[debug] [2024-02-01T07:07:38.792Z] Got response from /__/functions.yaml {"endpoints":{"nextApp":{"platform":"gcfv1","availableMemoryMb":null,"timeoutSeconds":null,"minInstances":null,"maxInstances":null,"ingressSettings":null,"serviceAccountEmail":null,"vpc":null,"httpsTrigger":{},"entryPoint":"nextApp"}},"specVersion":"v1alpha1","requiredAPIs":[]}
[info] i  functions: preparing functions directory for uploading... 
[info] i  functions: packaged /Users/gyeongdeokpark/Documents/01.GitHub/codeblog/functions (90.73 KB) for uploading 
[debug] [2024-02-01T07:07:38.823Z] >>> [apiv2][query] GET https://cloudfunctions.googleapis.com/v1/projects/littleduck-s-dev-blog/locations/-/functions [none]
[debug] [2024-02-01T07:07:40.189Z] <<< [apiv2][status] GET https://cloudfunctions.googleapis.com/v1/projects/littleduck-s-dev-blog/locations/-/functions 200
[debug] [2024-02-01T07:07:40.189Z] <<< [apiv2][body] GET https://cloudfunctions.googleapis.com/v1/projects/littleduck-s-dev-blog/locations/-/functions {"functions":[{"name":"projects/littleduck-s-dev-blog/locations/us-central1/functions/nextApp","httpsTrigger":{"url":"https://us-central1-littleduck-s-dev-blog.cloudfunctions.net/nextApp","securityLevel":"SECURE_ALWAYS"},"status":"OFFLINE","entryPoint":"nextApp","timeout":"60s","availableMemoryMb":256,"serviceAccountEmail":"littleduck-s-dev-blog@appspot.gserviceaccount.com","updateTime":"2024-02-01T06:35:32.131Z","versionId":"1","labels":{"deployment-tool":"cli-firebase","firebase-functions-hash":"fff847884e9ffb10960d31a4b8b1b1567f6366ef"},"sourceUploadUrl":"https://storage.googleapis.com/uploads-785785364076.us-central1.cloudfunctions.appspot.com/e1149621-c5f3-4f3e-879b-5c9d71424779.zip","environmentVariables":{"FIREBASE_CONFIG":"{\"projectId\":\"littleduck-s-dev-blog\",\"storageBucket\":\"littleduck-s-dev-blog.appspot.com\"}","GCLOUD_PROJECT":"littleduck-s-dev-blog","EVENTARC_CLOUD_EVENT_SOURCE":"projects/littleduck-s-dev-blog/locations/us-central1/functions/nextApp"},"runtime":"nodejs18","ingressSettings":"ALLOW_ALL","buildId":"ca9e51ca-5665-435d-bb69-8adcf8686c90","buildEnvironmentVariables":{"GOOGLE_NODE_RUN_SCRIPTS":""},"buildName":"projects/825840759545/locations/us-central1/builds/ca9e51ca-5665-435d-bb69-8adcf8686c90","dockerRegistry":"ARTIFACT_REGISTRY","automaticUpdatePolicy":{}}]}
[debug] [2024-02-01T07:07:40.191Z] >>> [apiv2][query] GET https://cloudfunctions.googleapis.com/v2/projects/littleduck-s-dev-blog/locations/-/functions filter=environment%3D%22GEN_2%22
[debug] [2024-02-01T07:07:41.633Z] <<< [apiv2][status] GET https://cloudfunctions.googleapis.com/v2/projects/littleduck-s-dev-blog/locations/-/functions 200
[debug] [2024-02-01T07:07:41.633Z] <<< [apiv2][body] GET https://cloudfunctions.googleapis.com/v2/projects/littleduck-s-dev-blog/locations/-/functions {}
[debug] [2024-02-01T07:07:41.636Z] >>> [apiv2][query] GET https://firebase.googleapis.com/v1beta1/projects/littleduck-s-dev-blog [none]
[debug] [2024-02-01T07:07:42.003Z] <<< [apiv2][status] GET https://firebase.googleapis.com/v1beta1/projects/littleduck-s-dev-blog 200
[debug] [2024-02-01T07:07:42.003Z] <<< [apiv2][body] GET https://firebase.googleapis.com/v1beta1/projects/littleduck-s-dev-blog {"projectId":"littleduck-s-dev-blog","projectNumber":"825840759545","displayName":"littleduck's Dev Blog","name":"projects/littleduck-s-dev-blog","resources":{"hostingSite":"littleduck-s-dev-blog"},"state":"ACTIVE","etag":"1_6c2921ff-a19b-48cf-84d8-eddc957dba02"}
[debug] [2024-02-01T07:07:42.007Z] >>> [apiv2][query] POST https://firebasehosting.googleapis.com/v1beta1/projects/-/sites/littleduck-s-dev-blog/versions [none]
[debug] [2024-02-01T07:07:42.007Z] >>> [apiv2][body] POST https://firebasehosting.googleapis.com/v1beta1/projects/-/sites/littleduck-s-dev-blog/versions {"status":"CREATED","labels":{"deployment-tool":"cli-firebase"}}
[debug] [2024-02-01T07:07:42.889Z] <<< [apiv2][status] POST https://firebasehosting.googleapis.com/v1beta1/projects/-/sites/littleduck-s-dev-blog/versions 200
[debug] [2024-02-01T07:07:42.890Z] <<< [apiv2][body] POST https://firebasehosting.googleapis.com/v1beta1/projects/-/sites/littleduck-s-dev-blog/versions {"name":"projects/825840759545/sites/littleduck-s-dev-blog/versions/d34daaab53d88415","status":"CREATED","config":{},"labels":{"deployment-tool":"cli-firebase"}}
[debug] [2024-02-01T07:07:42.891Z] >>> [apiv2][query] POST https://cloudfunctions.googleapis.com/v1/projects/littleduck-s-dev-blog/locations/us-central1/functions:generateUploadUrl [none]
[debug] [2024-02-01T07:07:42.891Z] >>> [apiv2][body] POST https://cloudfunctions.googleapis.com/v1/projects/littleduck-s-dev-blog/locations/us-central1/functions:generateUploadUrl {}
[debug] [2024-02-01T07:07:43.839Z] <<< [apiv2][status] POST https://cloudfunctions.googleapis.com/v1/projects/littleduck-s-dev-blog/locations/us-central1/functions:generateUploadUrl 200
[debug] [2024-02-01T07:07:43.840Z] <<< [apiv2][body] POST https://cloudfunctions.googleapis.com/v1/projects/littleduck-s-dev-blog/locations/us-central1/functions:generateUploadUrl {"uploadUrl":"https://storage.googleapis.com/uploads-785785364076.us-central1.cloudfunctions.appspot.com/71edf74b-809d-48d9-bb93-23ef1e6c102a.zip?GoogleAccessId=service-825840759545@gcf-admin-robot.iam.gserviceaccount.com&Expires=1706773063&Signature=ux9ZJUZNnKNMbnBC9gK1t6A9XUPu7KYZIJF%2B0Rvgja2n84PKN1rAT4eXQinB4xxswFyCv2ZAR51g%2BY0ZdPQDyLvww8TlQ3BkHTu1qwggPNbwW06bCRiHl0QAKxbfY1z6GKRycCssz%2Bi0ifA4kgcCrdpD%2BtUW5MNdxG4mpUbPNKxdPLmEn085uKxa8X9KhVVzGLKavgryK%2FunJLUFAaHLkwU%2BjrFQX1OuvxPEsUtYCcg3EZHYVUcJmPBKPHjd7C6u4DoARqVempMImzulyS%2BQRJyoCyqyx2MohCoggGXPYizv6V1pXtxP1jS3O4FqcY50MaMNcQF4pdGjK78tpZ9p8A%3D%3D"}
[debug] [2024-02-01T07:07:43.842Z] >>> [apiv2][query] PUT https://storage.googleapis.com/uploads-785785364076.us-central1.cloudfunctions.appspot.com/71edf74b-809d-48d9-bb93-23ef1e6c102a.zip GoogleAccessId=service-825840759545%40gcf-admin-robot.iam.gserviceaccount.com&Expires=1706773063&Signature=ux9ZJUZNnKNMbnBC9gK1t6A9XUPu7KYZIJF%2B0Rvgja2n84PKN1rAT4eXQinB4xxswFyCv2ZAR51g%2BY0ZdPQDyLvww8TlQ3BkHTu1qwggPNbwW06bCRiHl0QAKxbfY1z6GKRycCssz%2Bi0ifA4kgcCrdpD%2BtUW5MNdxG4mpUbPNKxdPLmEn085uKxa8X9KhVVzGLKavgryK%2FunJLUFAaHLkwU%2BjrFQX1OuvxPEsUtYCcg3EZHYVUcJmPBKPHjd7C6u4DoARqVempMImzulyS%2BQRJyoCyqyx2MohCoggGXPYizv6V1pXtxP1jS3O4FqcY50MaMNcQF4pdGjK78tpZ9p8A%3D%3D
[debug] [2024-02-01T07:07:43.842Z] >>> [apiv2][body] PUT https://storage.googleapis.com/uploads-785785364076.us-central1.cloudfunctions.appspot.com/71edf74b-809d-48d9-bb93-23ef1e6c102a.zip [stream]
[debug] [2024-02-01T07:07:44.593Z] <<< [apiv2][status] PUT https://storage.googleapis.com/uploads-785785364076.us-central1.cloudfunctions.appspot.com/71edf74b-809d-48d9-bb93-23ef1e6c102a.zip 200
[debug] [2024-02-01T07:07:44.593Z] <<< [apiv2][body] PUT https://storage.googleapis.com/uploads-785785364076.us-central1.cloudfunctions.appspot.com/71edf74b-809d-48d9-bb93-23ef1e6c102a.zip [omitted]
[info] ✔  functions: functions folder uploaded successfully 
[info] i  hosting[littleduck-s-dev-blog]: beginning deploy... 
[info] i  hosting[littleduck-s-dev-blog]: found 9 files in public 
[debug] [2024-02-01T07:07:44.597Z] [hosting] uploading with 200 concurrency
[debug] [2024-02-01T07:07:44.600Z] [hosting] hash cache [cHVibGlj] stored for 9 files
[debug] [2024-02-01T07:07:44.600Z] [hosting][hash queue][FINAL] {"max":0,"min":0,"avg":0,"active":0,"complete":9,"success":9,"errored":0,"retried":0,"total":9,"elapsed":1}
[debug] [2024-02-01T07:07:44.600Z] >>> [apiv2][query] POST https://firebasehosting.googleapis.com/v1beta1/projects/825840759545/sites/littleduck-s-dev-blog/versions/d34daaab53d88415:populateFiles [none]
[debug] [2024-02-01T07:07:44.600Z] >>> [apiv2][body] POST https://firebasehosting.googleapis.com/v1beta1/projects/825840759545/sites/littleduck-s-dev-blog/versions/d34daaab53d88415:populateFiles {"files":{"/404.html":"05cbc6f94d7a69ce2e29646eab13be2c884e61ba93e3094df5028866876d18b3","/index.html":"b35356bdd2560b01b655ffb319ec3cd7f586fd036fc9f7db92c1fc6845899aae","/next.svg":"33c5c6ad1d08bb69d8026289530e377b4d6e2a96f24562e209fd1e1e9ccee64a","/vercel.svg":"4b9c0f01017bb87197f2ae0bd9717239fadf854131b34cce7b0f74ff6d513a4b","/img/littleduck-img-hight.png":"56cd95d6eb60556a10780046394a65d3bc22ce579576ff623accc35cc6ff5da0","/img/littleduck-img-icon.png":"ccdd7d0ce5981c5496343096096718d0ca55ca7bc980980ba8f65cc3edf701fc","/img/littleduck-name-hight.png":"d25583d0454189913a89a32abc512f89cc0b431c264fe28cd587c02fc556d7ae","/img/profile_default.jpeg":"972357e130a43abe9ebd7a5cfb90a4bd563b38c141d46b4abe77afbfdc86f5a6","/img/profile_default.jpg":"aa340c51728ddc15f3e2e11d57fffd6fca0afaf104a6001242b35020ecba1999"}}
[debug] [2024-02-01T07:07:45.276Z] <<< [apiv2][status] POST https://firebasehosting.googleapis.com/v1beta1/projects/825840759545/sites/littleduck-s-dev-blog/versions/d34daaab53d88415:populateFiles 200
[debug] [2024-02-01T07:07:45.276Z] <<< [apiv2][body] POST https://firebasehosting.googleapis.com/v1beta1/projects/825840759545/sites/littleduck-s-dev-blog/versions/d34daaab53d88415:populateFiles {"uploadUrl":"https://upload-firebasehosting.googleapis.com/upload/sites/littleduck-s-dev-blog/versions/d34daaab53d88415/files"}
[debug] [2024-02-01T07:07:45.276Z] [hosting][populate queue][FINAL] {"max":676,"min":676,"avg":676,"active":0,"complete":1,"success":1,"errored":0,"retried":0,"total":1,"elapsed":676}
[debug] [2024-02-01T07:07:45.276Z] [hosting] uploads queued: 0
[debug] [2024-02-01T07:07:45.277Z] [hosting][upload queue][FINAL] {"max":0,"min":9999999999,"avg":0,"active":0,"complete":0,"success":0,"errored":0,"retried":0,"total":0,"elapsed":1706771265277}
[info] ✔  hosting[littleduck-s-dev-blog]: file upload complete 
[debug] [2024-02-01T07:07:45.277Z] [hosting] deploy completed after 683ms
[info] i  functions: updating Node.js 18 (1st Gen) function nextApp(us-central1)... 
[debug] [2024-02-01T07:07:45.279Z] >>> [apiv2][query] PATCH https://cloudfunctions.googleapis.com/v1/projects/littleduck-s-dev-blog/locations/us-central1/functions/nextApp updateMask=name%2CsourceUploadUrl%2CentryPoint%2Cruntime%2CdockerRegistry%2Clabels%2ChttpsTrigger.securityLevel%2CminInstances%2CmaxInstances%2CingressSettings%2CenvironmentVariables%2CserviceAccountEmail%2CavailableMemoryMb%2Ctimeout%2CvpcConnector%2CvpcConnectorEgressSettings%2CsourceToken%2CbuildEnvironmentVariables
[debug] [2024-02-01T07:07:45.279Z] >>> [apiv2][body] PATCH https://cloudfunctions.googleapis.com/v1/projects/littleduck-s-dev-blog/locations/us-central1/functions/nextApp {"name":"projects/littleduck-s-dev-blog/locations/us-central1/functions/nextApp","sourceUploadUrl":"https://storage.googleapis.com/uploads-785785364076.us-central1.cloudfunctions.appspot.com/71edf74b-809d-48d9-bb93-23ef1e6c102a.zip?GoogleAccessId=service-825840759545@gcf-admin-robot.iam.gserviceaccount.com&Expires=1706773063&Signature=ux9ZJUZNnKNMbnBC9gK1t6A9XUPu7KYZIJF%2B0Rvgja2n84PKN1rAT4eXQinB4xxswFyCv2ZAR51g%2BY0ZdPQDyLvww8TlQ3BkHTu1qwggPNbwW06bCRiHl0QAKxbfY1z6GKRycCssz%2Bi0ifA4kgcCrdpD%2BtUW5MNdxG4mpUbPNKxdPLmEn085uKxa8X9KhVVzGLKavgryK%2FunJLUFAaHLkwU%2BjrFQX1OuvxPEsUtYCcg3EZHYVUcJmPBKPHjd7C6u4DoARqVempMImzulyS%2BQRJyoCyqyx2MohCoggGXPYizv6V1pXtxP1jS3O4FqcY50MaMNcQF4pdGjK78tpZ9p8A%3D%3D","entryPoint":"nextApp","runtime":"nodejs18","dockerRegistry":"ARTIFACT_REGISTRY","labels":{"deployment-tool":"cli-firebase","firebase-functions-hash":"fb84b178798346224f25281bcb75c5e939ccfd1f"},"httpsTrigger":{"securityLevel":"SECURE_ALWAYS"},"minInstances":null,"maxInstances":null,"ingressSettings":null,"environmentVariables":{"FIREBASE_CONFIG":"{\"projectId\":\"littleduck-s-dev-blog\",\"storageBucket\":\"littleduck-s-dev-blog.appspot.com\"}","GCLOUD_PROJECT":"littleduck-s-dev-blog","EVENTARC_CLOUD_EVENT_SOURCE":"projects/littleduck-s-dev-blog/locations/us-central1/functions/nextApp"},"serviceAccountEmail":null,"availableMemoryMb":null,"timeout":null,"vpcConnector":null,"vpcConnectorEgressSettings":null,"buildEnvironmentVariables":{"GOOGLE_NODE_RUN_SCRIPTS":""}}
[debug] [2024-02-01T07:07:46.175Z] <<< [apiv2][status] PATCH https://cloudfunctions.googleapis.com/v1/projects/littleduck-s-dev-blog/locations/us-central1/functions/nextApp 200
[debug] [2024-02-01T07:07:46.175Z] <<< [apiv2][body] PATCH https://cloudfunctions.googleapis.com/v1/projects/littleduck-s-dev-blog/locations/us-central1/functions/nextApp {"name":"operations/bGl0dGxlZHVjay1zLWRldi1ibG9nL3VzLWNlbnRyYWwxL25leHRBcHAvU3ZfVVM5bUxncUU","metadata":{"@type":"type.googleapis.com/google.cloud.functions.v1.OperationMetadataV1","target":"projects/littleduck-s-dev-blog/locations/us-central1/functions/nextApp","type":"UPDATE_FUNCTION","request":{"@type":"type.googleapis.com/google.cloud.functions.v1.CloudFunction","name":"projects/littleduck-s-dev-blog/locations/us-central1/functions/nextApp","httpsTrigger":{"url":"https://us-central1-littleduck-s-dev-blog.cloudfunctions.net/nextApp","securityLevel":"SECURE_ALWAYS"},"status":"OFFLINE","entryPoint":"nextApp","updateTime":"2024-02-01T06:35:32.131Z","versionId":"1","labels":{"deployment-tool":"cli-firebase","firebase-functions-hash":"fb84b178798346224f25281bcb75c5e939ccfd1f"},"sourceUploadUrl":"https://storage.googleapis.com/uploads-785785364076.us-central1.cloudfunctions.appspot.com/71edf74b-809d-48d9-bb93-23ef1e6c102a.zip?GoogleAccessId=service-825840759545@gcf-admin-robot.iam.gserviceaccount.com&Expires=1706773063&Signature=ux9ZJUZNnKNMbnBC9gK1t6A9XUPu7KYZIJF%2B0Rvgja2n84PKN1rAT4eXQinB4xxswFyCv2ZAR51g%2BY0ZdPQDyLvww8TlQ3BkHTu1qwggPNbwW06bCRiHl0QAKxbfY1z6GKRycCssz%2Bi0ifA4kgcCrdpD%2BtUW5MNdxG4mpUbPNKxdPLmEn085uKxa8X9KhVVzGLKavgryK%2FunJLUFAaHLkwU%2BjrFQX1OuvxPEsUtYCcg3EZHYVUcJmPBKPHjd7C6u4DoARqVempMImzulyS%2BQRJyoCyqyx2MohCoggGXPYizv6V1pXtxP1jS3O4FqcY50MaMNcQF4pdGjK78tpZ9p8A%3D%3D","environmentVariables":{"FIREBASE_CONFIG":"{\"projectId\":\"littleduck-s-dev-blog\",\"storageBucket\":\"littleduck-s-dev-blog.appspot.com\"}","GCLOUD_PROJECT":"littleduck-s-dev-blog","EVENTARC_CLOUD_EVENT_SOURCE":"projects/littleduck-s-dev-blog/locations/us-central1/functions/nextApp"},"runtime":"nodejs18","buildId":"ca9e51ca-5665-435d-bb69-8adcf8686c90","buildEnvironmentVariables":{"GOOGLE_NODE_RUN_SCRIPTS":""},"buildName":"projects/825840759545/locations/us-central1/builds/ca9e51ca-5665-435d-bb69-8adcf8686c90","dockerRegistry":"ARTIFACT_REGISTRY","automaticUpdatePolicy":{}},"versionId":"2","updateTime":"2024-02-01T07:07:45Z"}}
[debug] [2024-02-01T07:07:46.177Z] >>> [apiv2][query] GET https://cloudfunctions.googleapis.com/v1/operations/bGl0dGxlZHVjay1zLWRldi1ibG9nL3VzLWNlbnRyYWwxL25leHRBcHAvU3ZfVVM5bUxncUU [none]
[debug] [2024-02-01T07:07:46.789Z] <<< [apiv2][status] GET https://cloudfunctions.googleapis.com/v1/operations/bGl0dGxlZHVjay1zLWRldi1ibG9nL3VzLWNlbnRyYWwxL25leHRBcHAvU3ZfVVM5bUxncUU 200
[debug] [2024-02-01T07:07:46.789Z] <<< [apiv2][body] GET https://cloudfunctions.googleapis.com/v1/operations/bGl0dGxlZHVjay1zLWRldi1ibG9nL3VzLWNlbnRyYWwxL25leHRBcHAvU3ZfVVM5bUxncUU {"name":"operations/bGl0dGxlZHVjay1zLWRldi1ibG9nL3VzLWNlbnRyYWwxL25leHRBcHAvU3ZfVVM5bUxncUU","metadata":{"@type":"type.googleapis.com/google.cloud.functions.v1.OperationMetadataV1","target":"projects/littleduck-s-dev-blog/locations/us-central1/functions/nextApp","type":"UPDATE_FUNCTION","request":{"@type":"type.googleapis.com/google.cloud.functions.v1.CloudFunction","name":"projects/littleduck-s-dev-blog/locations/us-central1/functions/nextApp","httpsTrigger":{"url":"https://us-central1-littleduck-s-dev-blog.cloudfunctions.net/nextApp","securityLevel":"SECURE_ALWAYS"},"status":"OFFLINE","entryPoint":"nextApp","updateTime":"2024-02-01T06:35:32.131Z","versionId":"1","labels":{"deployment-tool":"cli-firebase","firebase-functions-hash":"fb84b178798346224f25281bcb75c5e939ccfd1f"},"sourceUploadUrl":"https://storage.googleapis.com/uploads-785785364076.us-central1.cloudfunctions.appspot.com/71edf74b-809d-48d9-bb93-23ef1e6c102a.zip?GoogleAccessId=service-825840759545@gcf-admin-robot.iam.gserviceaccount.com&Expires=1706773063&Signature=ux9ZJUZNnKNMbnBC9gK1t6A9XUPu7KYZIJF%2B0Rvgja2n84PKN1rAT4eXQinB4xxswFyCv2ZAR51g%2BY0ZdPQDyLvww8TlQ3BkHTu1qwggPNbwW06bCRiHl0QAKxbfY1z6GKRycCssz%2Bi0ifA4kgcCrdpD%2BtUW5MNdxG4mpUbPNKxdPLmEn085uKxa8X9KhVVzGLKavgryK%2FunJLUFAaHLkwU%2BjrFQX1OuvxPEsUtYCcg3EZHYVUcJmPBKPHjd7C6u4DoARqVempMImzulyS%2BQRJyoCyqyx2MohCoggGXPYizv6V1pXtxP1jS3O4FqcY50MaMNcQF4pdGjK78tpZ9p8A%3D%3D","environmentVariables":{"FIREBASE_CONFIG":"{\"projectId\":\"littleduck-s-dev-blog\",\"storageBucket\":\"littleduck-s-dev-blog.appspot.com\"}","GCLOUD_PROJECT":"littleduck-s-dev-blog","EVENTARC_CLOUD_EVENT_SOURCE":"projects/littleduck-s-dev-blog/locations/us-central1/functions/nextApp"},"runtime":"nodejs18","buildId":"ca9e51ca-5665-435d-bb69-8adcf8686c90","buildEnvironmentVariables":{"GOOGLE_NODE_RUN_SCRIPTS":""},"buildName":"projects/825840759545/locations/us-central1/builds/ca9e51ca-5665-435d-bb69-8adcf8686c90","dockerRegistry":"ARTIFACT_REGISTRY","automaticUpdatePolicy":{}},"versionId":"2","updateTime":"2024-02-01T07:07:46Z"}}
[debug] [2024-02-01T07:07:47.290Z] [update-default-us-central1-nextApp] Retrying task index 0
[debug] [2024-02-01T07:07:47.291Z] >>> [apiv2][query] GET https://cloudfunctions.googleapis.com/v1/operations/bGl0dGxlZHVjay1zLWRldi1ibG9nL3VzLWNlbnRyYWwxL25leHRBcHAvU3ZfVVM5bUxncUU [none]
[debug] [2024-02-01T07:07:47.929Z] <<< [apiv2][status] GET https://cloudfunctions.googleapis.com/v1/operations/bGl0dGxlZHVjay1zLWRldi1ibG9nL3VzLWNlbnRyYWwxL25leHRBcHAvU3ZfVVM5bUxncUU 200
[debug] [2024-02-01T07:07:47.930Z] <<< [apiv2][body] GET https://cloudfunctions.googleapis.com/v1/operations/bGl0dGxlZHVjay1zLWRldi1ibG9nL3VzLWNlbnRyYWwxL25leHRBcHAvU3ZfVVM5bUxncUU {"name":"operations/bGl0dGxlZHVjay1zLWRldi1ibG9nL3VzLWNlbnRyYWwxL25leHRBcHAvU3ZfVVM5bUxncUU","metadata":{"@type":"type.googleapis.com/google.cloud.functions.v1.OperationMetadataV1","target":"projects/littleduck-s-dev-blog/locations/us-central1/functions/nextApp","type":"UPDATE_FUNCTION","request":{"@type":"type.googleapis.com/google.cloud.functions.v1.CloudFunction","name":"projects/littleduck-s-dev-blog/locations/us-central1/functions/nextApp","httpsTrigger":{"url":"https://us-central1-littleduck-s-dev-blog.cloudfunctions.net/nextApp","securityLevel":"SECURE_ALWAYS"},"status":"OFFLINE","entryPoint":"nextApp","updateTime":"2024-02-01T06:35:32.131Z","versionId":"1","labels":{"deployment-tool":"cli-firebase","firebase-functions-hash":"fb84b178798346224f25281bcb75c5e939ccfd1f"},"sourceUploadUrl":"https://storage.googleapis.com/uploads-785785364076.us-central1.cloudfunctions.appspot.com/71edf74b-809d-48d9-bb93-23ef1e6c102a.zip?GoogleAccessId=service-825840759545@gcf-admin-robot.iam.gserviceaccount.com&Expires=1706773063&Signature=ux9ZJUZNnKNMbnBC9gK1t6A9XUPu7KYZIJF%2B0Rvgja2n84PKN1rAT4eXQinB4xxswFyCv2ZAR51g%2BY0ZdPQDyLvww8TlQ3BkHTu1qwggPNbwW06bCRiHl0QAKxbfY1z6GKRycCssz%2Bi0ifA4kgcCrdpD%2BtUW5MNdxG4mpUbPNKxdPLmEn085uKxa8X9KhVVzGLKavgryK%2FunJLUFAaHLkwU%2BjrFQX1OuvxPEsUtYCcg3EZHYVUcJmPBKPHjd7C6u4DoARqVempMImzulyS%2BQRJyoCyqyx2MohCoggGXPYizv6V1pXtxP1jS3O4FqcY50MaMNcQF4pdGjK78tpZ9p8A%3D%3D","environmentVariables":{"FIREBASE_CONFIG":"{\"projectId\":\"littleduck-s-dev-blog\",\"storageBucket\":\"littleduck-s-dev-blog.appspot.com\"}","GCLOUD_PROJECT":"littleduck-s-dev-blog","EVENTARC_CLOUD_EVENT_SOURCE":"projects/littleduck-s-dev-blog/locations/us-central1/functions/nextApp"},"runtime":"nodejs18","buildId":"ca9e51ca-5665-435d-bb69-8adcf8686c90","buildEnvironmentVariables":{"GOOGLE_NODE_RUN_SCRIPTS":""},"buildName":"projects/825840759545/locations/us-central1/builds/ca9e51ca-5665-435d-bb69-8adcf8686c90","dockerRegistry":"ARTIFACT_REGISTRY","automaticUpdatePolicy":{}},"versionId":"2","updateTime":"2024-02-01T07:07:46Z","buildId":"e8232c0f-9173-4e00-ae52-3180683113c9","buildName":"projects/825840759545/locations/us-central1/builds/e8232c0f-9173-4e00-ae52-3180683113c9"}}
[debug] [2024-02-01T07:07:48.931Z] [update-default-us-central1-nextApp] Retrying task index 0
[debug] [2024-02-01T07:07:48.932Z] >>> [apiv2][query] GET https://cloudfunctions.googleapis.com/v1/operations/bGl0dGxlZHVjay1zLWRldi1ibG9nL3VzLWNlbnRyYWwxL25leHRBcHAvU3ZfVVM5bUxncUU [none]
[debug] [2024-02-01T07:07:49.499Z] <<< [apiv2][status] GET https://cloudfunctions.googleapis.com/v1/operations/bGl0dGxlZHVjay1zLWRldi1ibG9nL3VzLWNlbnRyYWwxL25leHRBcHAvU3ZfVVM5bUxncUU 200
[debug] [2024-02-01T07:07:49.500Z] <<< [apiv2][body] GET https://cloudfunctions.googleapis.com/v1/operations/bGl0dGxlZHVjay1zLWRldi1ibG9nL3VzLWNlbnRyYWwxL25leHRBcHAvU3ZfVVM5bUxncUU {"name":"operations/bGl0dGxlZHVjay1zLWRldi1ibG9nL3VzLWNlbnRyYWwxL25leHRBcHAvU3ZfVVM5bUxncUU","metadata":{"@type":"type.googleapis.com/google.cloud.functions.v1.OperationMetadataV1","target":"projects/littleduck-s-dev-blog/locations/us-central1/functions/nextApp","type":"UPDATE_FUNCTION","request":{"@type":"type.googleapis.com/google.cloud.functions.v1.CloudFunction","name":"projects/littleduck-s-dev-blog/locations/us-central1/functions/nextApp","httpsTrigger":{"url":"https://us-central1-littleduck-s-dev-blog.cloudfunctions.net/nextApp","securityLevel":"SECURE_ALWAYS"},"status":"OFFLINE","entryPoint":"nextApp","updateTime":"2024-02-01T06:35:32.131Z","versionId":"1","labels":{"deployment-tool":"cli-firebase","firebase-functions-hash":"fb84b178798346224f25281bcb75c5e939ccfd1f"},"sourceUploadUrl":"https://storage.googleapis.com/uploads-785785364076.us-central1.cloudfunctions.appspot.com/71edf74b-809d-48d9-bb93-23ef1e6c102a.zip?GoogleAccessId=service-825840759545@gcf-admin-robot.iam.gserviceaccount.com&Expires=1706773063&Signature=ux9ZJUZNnKNMbnBC9gK1t6A9XUPu7KYZIJF%2B0Rvgja2n84PKN1rAT4eXQinB4xxswFyCv2ZAR51g%2BY0ZdPQDyLvww8TlQ3BkHTu1qwggPNbwW06bCRiHl0QAKxbfY1z6GKRycCssz%2Bi0ifA4kgcCrdpD%2BtUW5MNdxG4mpUbPNKxdPLmEn085uKxa8X9KhVVzGLKavgryK%2FunJLUFAaHLkwU%2BjrFQX1OuvxPEsUtYCcg3EZHYVUcJmPBKPHjd7C6u4DoARqVempMImzulyS%2BQRJyoCyqyx2MohCoggGXPYizv6V1pXtxP1jS3O4FqcY50MaMNcQF4pdGjK78tpZ9p8A%3D%3D","environmentVariables":{"FIREBASE_CONFIG":"{\"projectId\":\"littleduck-s-dev-blog\",\"storageBucket\":\"littleduck-s-dev-blog.appspot.com\"}","GCLOUD_PROJECT":"littleduck-s-dev-blog","EVENTARC_CLOUD_EVENT_SOURCE":"projects/littleduck-s-dev-blog/locations/us-central1/functions/nextApp"},"runtime":"nodejs18","buildId":"ca9e51ca-5665-435d-bb69-8adcf8686c90","buildEnvironmentVariables":{"GOOGLE_NODE_RUN_SCRIPTS":""},"buildName":"projects/825840759545/locations/us-central1/builds/ca9e51ca-5665-435d-bb69-8adcf8686c90","dockerRegistry":"ARTIFACT_REGISTRY","automaticUpdatePolicy":{}},"versionId":"2","updateTime":"2024-02-01T07:07:46Z","buildId":"e8232c0f-9173-4e00-ae52-3180683113c9","buildName":"projects/825840759545/locations/us-central1/builds/e8232c0f-9173-4e00-ae52-3180683113c9"}}
[debug] [2024-02-01T07:07:51.500Z] [update-default-us-central1-nextApp] Retrying task index 0
[debug] [2024-02-01T07:07:51.501Z] >>> [apiv2][query] GET https://cloudfunctions.googleapis.com/v1/operations/bGl0dGxlZHVjay1zLWRldi1ibG9nL3VzLWNlbnRyYWwxL25leHRBcHAvU3ZfVVM5bUxncUU [none]
[debug] [2024-02-01T07:07:52.101Z] <<< [apiv2][status] GET https://cloudfunctions.googleapis.com/v1/operations/bGl0dGxlZHVjay1zLWRldi1ibG9nL3VzLWNlbnRyYWwxL25leHRBcHAvU3ZfVVM5bUxncUU 200
[debug] [2024-02-01T07:07:52.101Z] <<< [apiv2][body] GET https://cloudfunctions.googleapis.com/v1/operations/bGl0dGxlZHVjay1zLWRldi1ibG9nL3VzLWNlbnRyYWwxL25leHRBcHAvU3ZfVVM5bUxncUU {"name":"operations/bGl0dGxlZHVjay1zLWRldi1ibG9nL3VzLWNlbnRyYWwxL25leHRBcHAvU3ZfVVM5bUxncUU","metadata":{"@type":"type.googleapis.com/google.cloud.functions.v1.OperationMetadataV1","target":"projects/littleduck-s-dev-blog/locations/us-central1/functions/nextApp","type":"UPDATE_FUNCTION","request":{"@type":"type.googleapis.com/google.cloud.functions.v1.CloudFunction","name":"projects/littleduck-s-dev-blog/locations/us-central1/functions/nextApp","httpsTrigger":{"url":"https://us-central1-littleduck-s-dev-blog.cloudfunctions.net/nextApp","securityLevel":"SECURE_ALWAYS"},"status":"OFFLINE","entryPoint":"nextApp","updateTime":"2024-02-01T06:35:32.131Z","versionId":"1","labels":{"deployment-tool":"cli-firebase","firebase-functions-hash":"fb84b178798346224f25281bcb75c5e939ccfd1f"},"sourceUploadUrl":"https://storage.googleapis.com/uploads-785785364076.us-central1.cloudfunctions.appspot.com/71edf74b-809d-48d9-bb93-23ef1e6c102a.zip?GoogleAccessId=service-825840759545@gcf-admin-robot.iam.gserviceaccount.com&Expires=1706773063&Signature=ux9ZJUZNnKNMbnBC9gK1t6A9XUPu7KYZIJF%2B0Rvgja2n84PKN1rAT4eXQinB4xxswFyCv2ZAR51g%2BY0ZdPQDyLvww8TlQ3BkHTu1qwggPNbwW06bCRiHl0QAKxbfY1z6GKRycCssz%2Bi0ifA4kgcCrdpD%2BtUW5MNdxG4mpUbPNKxdPLmEn085uKxa8X9KhVVzGLKavgryK%2FunJLUFAaHLkwU%2BjrFQX1OuvxPEsUtYCcg3EZHYVUcJmPBKPHjd7C6u4DoARqVempMImzulyS%2BQRJyoCyqyx2MohCoggGXPYizv6V1pXtxP1jS3O4FqcY50MaMNcQF4pdGjK78tpZ9p8A%3D%3D","environmentVariables":{"FIREBASE_CONFIG":"{\"projectId\":\"littleduck-s-dev-blog\",\"storageBucket\":\"littleduck-s-dev-blog.appspot.com\"}","GCLOUD_PROJECT":"littleduck-s-dev-blog","EVENTARC_CLOUD_EVENT_SOURCE":"projects/littleduck-s-dev-blog/locations/us-central1/functions/nextApp"},"runtime":"nodejs18","buildId":"ca9e51ca-5665-435d-bb69-8adcf8686c90","buildEnvironmentVariables":{"GOOGLE_NODE_RUN_SCRIPTS":""},"buildName":"projects/825840759545/locations/us-central1/builds/ca9e51ca-5665-435d-bb69-8adcf8686c90","dockerRegistry":"ARTIFACT_REGISTRY","automaticUpdatePolicy":{}},"versionId":"2","updateTime":"2024-02-01T07:07:46Z","buildId":"e8232c0f-9173-4e00-ae52-3180683113c9","buildName":"projects/825840759545/locations/us-central1/builds/e8232c0f-9173-4e00-ae52-3180683113c9"}}
